#
# A fatal error has been detected by the Java Runtime Environment:
#
#  SIGBUS (0x7) at pc=0x00007faf35005a32, pid=9966, tid=0x00007faf0bdfd700
#
# JRE version: Java(TM) SE Runtime Environment (8.0_121-b13) (build 1.8.0_121-b13)
# Java VM: Java HotSpot(TM) 64-Bit Server VM (25.121-b13 mixed mode linux-amd64 compressed oops)
# Problematic frame:
# C  [libzip.so+0x11a32]  newEntry+0x62
#
# Failed to write core dump. Core dumps have been disabled. To enable core dumping, try "ulimit -c unlimited" before starting Java again
#
# If you would like to submit a bug report, please visit:
#   http://bugreport.java.com/bugreport/crash.jsp
# The crash happened outside the Java Virtual Machine in native code.
# See problematic frame for where to report the bug.
#

---------------  T H R E A D  ---------------

Current thread (0x00007faf3192f800):  JavaThread "Compiler Processing Task" daemon [_thread_in_native, id=11941, stack(0x00007faf0bcfd000,0x00007faf0bdfe000)]

siginfo: si_signo: 7 (SIGBUS), si_code: 2 (BUS_ADRERR), si_addr: 0x00007faf097712b1

Registers:
RAX=0x00007fae900161a0, RBX=0x00007faf31637ad0, RCX=0x00007fae90000020, RDX=0x00007fae900161a0
RSP=0x00007faf0bdfb3b0, RBP=0x00007faf0bdfb400, RSI=0x0000000028000014, RDI=0x0000000000000000
R8 =0x00000000000001b0, R9 =0x0000000000000050, R10=0x00007faf211400d8, R11=0x00000000ebef1570
R12=0x00007faf09771294, R13=0x00007fae900161a0, R14=0x00000000664e91f5, R15=0x00007faf316375c0
RIP=0x00007faf35005a32, EFLAGS=0x0000000000010202, CSGSFS=0x002b000000000033, ERR=0x0000000000000004
  TRAPNO=0x000000000000000e

Top of Stack: (sp=0x00007faf0bdfb3b0)
0x00007faf0bdfb3b0:   00007faf3192f800 00007faf00000000
0x00007faf0bdfb3c0:   00000001000007a8 00007faf36c72cbe
0x00007faf0bdfb3d0:   00007fae900161a0 00007faf31637ad0
0x00007faf0bdfb3e0:   00007faf3162d1a0 00007faf316375c0
0x00007faf0bdfb3f0:   00000000664e91f5 0000000000000036
0x00007faf0bdfb400:   00007faf0bdfb460 00007faf3500618f
0x00007faf0bdfb410:   00007faf3192f800 01007faf3192f800
0x00007faf0bdfb420:   00007faf0bdfb480 00007faf0bdfb4b7
0x00007faf0bdfb430:   00007faf0bdfb4b5 00007faf0bdfb480
0x00007faf0bdfb440:   0000000000000036 00007faf3192f9f8
0x00007faf0bdfb450:   00007faf0bdfb8d8 0000000000000001
0x00007faf0bdfb460:   00007faf0bdfb8c0 00007faf34ff7ec0
0x00007faf0bdfb470:   00007faf0bdfb4a0 00007faf316375c0
0x00007faf0bdfb480:   696c63652f67726f 2f666d652f657370
0x00007faf0bdfb490:   68632f65726f6365 6974752f65676e61
0x00007faf0bdfb4a0:   65676e6168432f6c 726564726f636552
0x00007faf0bdfb4b0:   00007373616c632e 00007faf3192f800
0x00007faf0bdfb4c0:   00007faf0bdfb510 00007faf0bdfb590
0x00007faf0bdfb4d0:   00007faf0bdfb660 00007faf0bdfb6e0
0x00007faf0bdfb4e0:   00007faf3192f9f8 00007faf36a85400
0x00007faf0bdfb4f0:   00007faeccae5ad0 00007faeccae5ae0
0x00007faf0bdfb500:   00007faeccae5eb8 00000000000003d8
0x00007faf0bdfb510:   00007faf0bdfbc10 00000000ebef0d70
0x00007faf0bdfb520:   0000000084f0e4f0 00007faf3192f800
0x00007faf0bdfb530:   00007faf0bdfb580 00007faf0bdfbb60
0x00007faf0bdfb540:   00007faf0bdfb570 ffffffff369c3743
0x00007faf0bdfb550:   00007faf30031130 00000003ff0101ff
0x00007faf0bdfb560:   00007faf223dcc50 00007faf0bdfb518
0x00007faf0bdfb570:   00007faf0bdfb559 0000000800000002
0x00007faf0bdfb580:   00007faf0bdfb500 00007faf21049460
0x00007faf0bdfb590:   00007faf372f3510 00007faf37da9750
0x00007faf0bdfb5a0:   000000003192f800 00007faeccae5ae0 

Instructions: (pc=0x00007faf35005a32)
0x00007faf35005a12:   00 48 c7 40 28 00 00 00 00 41 80 7f 30 00 0f 84
0x00007faf35005a22:   8a 02 00 00 4c 8b 63 08 4d 2b 67 28 4d 03 67 18
0x00007faf35005a32:   41 0f b6 5c 24 1d 41 0f b6 44 24 1c c1 e3 08 09
0x00007faf35005a42:   c3 41 0f b6 44 24 1e 88 45 bd 41 0f b6 54 24 20 

Register to memory mapping:

RAX=0x00007fae900161a0 is an unknown value
RBX=0x00007faf31637ad0 is an unknown value
RCX=0x00007fae90000020 is an unknown value
RDX=0x00007fae900161a0 is an unknown value
RSP=0x00007faf0bdfb3b0 is pointing into the stack for thread: 0x00007faf3192f800
RBP=0x00007faf0bdfb400 is pointing into the stack for thread: 0x00007faf3192f800
RSI=0x0000000028000014 is an unknown value
RDI=0x0000000000000000 is an unknown value
R8 =0x00000000000001b0 is an unknown value
R9 =0x0000000000000050 is an unknown value
R10=0x00007faf211400d8 is at entry_point+88 in (nmethod*)0x00007faf2113ff10
R11=0x00000000ebef1570 is an oop
